DEB [20211218-12:14:46.634] thr=1   paramiko.transport: starting thread (client mode): 0x612239d0
DEB [20211218-12:14:46.634] thr=1   paramiko.transport: Local version/idstring: SSH-2.0-paramiko_2.7.2
DEB [20211218-12:14:46.707] thr=1   paramiko.transport: Remote version/idstring: SSH-2.0-OpenSSH_7.4p1 Raspbian-10+deb9u7
INF [20211218-12:14:46.708] thr=1   paramiko.transport: Connected (version 2.0, client OpenSSH_7.4p1)
DEB [20211218-12:14:46.712] thr=1   paramiko.transport: kex algos:['curve25519-sha256', 'curve25519-sha256@libssh.org', 'ecdh-sha2-nistp256', 'ecdh-sha2-nistp384', 'ecdh-sha2-nistp521', 'diffie-hellman-group-exchange-sha256', 'diffie-hellman-group16-sha512', 'diffie-hellman-group18-sha512', 'diffie-hellman-group14-sha256', 'diffie-hellman-group14-sha1'] server key:['ssh-rsa', 'rsa-sha2-512', 'rsa-sha2-256', 'ecdsa-sha2-nistp256', 'ssh-ed25519'] client encrypt:['chacha20-poly1305@openssh.com', 'aes128-ctr', 'aes192-ctr', 'aes256-ctr', 'aes128-gcm@openssh.com', 'aes256-gcm@openssh.com'] server encrypt:['chacha20-poly1305@openssh.com', 'aes128-ctr', 'aes192-ctr', 'aes256-ctr', 'aes128-gcm@openssh.com', 'aes256-gcm@openssh.com'] client mac:['umac-64-etm@openssh.com', 'umac-128-etm@openssh.com', 'hmac-sha2-256-etm@openssh.com', 'hmac-sha2-512-etm@openssh.com', 'hmac-sha1-etm@openssh.com', 'umac-64@openssh.com', 'umac-128@openssh.com', 'hmac-sha2-256', 'hmac-sha2-512', 'hmac-sha1'] server mac:['umac-64-etm@openssh.com', 'umac-128-etm@openssh.com', 'hmac-sha2-256-etm@openssh.com', 'hmac-sha2-512-etm@openssh.com', 'hmac-sha1-etm@openssh.com', 'umac-64@openssh.com', 'umac-128@openssh.com', 'hmac-sha2-256', 'hmac-sha2-512', 'hmac-sha1'] client compress:['none', 'zlib@openssh.com'] server compress:['none', 'zlib@openssh.com'] client lang:[''] server lang:[''] kex follows?False
DEB [20211218-12:14:46.713] thr=1   paramiko.transport: Kex agreed: curve25519-sha256@libssh.org
DEB [20211218-12:14:46.713] thr=1   paramiko.transport: HostKey agreed: ssh-ed25519
DEB [20211218-12:14:46.713] thr=1   paramiko.transport: Cipher agreed: aes128-ctr
DEB [20211218-12:14:46.713] thr=1   paramiko.transport: MAC agreed: hmac-sha2-256
DEB [20211218-12:14:46.713] thr=1   paramiko.transport: Compression agreed: none
DEB [20211218-12:14:46.763] thr=1   paramiko.transport: kex engine KexCurve25519 specified hash_algo <built-in function openssl_sha256>
DEB [20211218-12:14:46.764] thr=1   paramiko.transport: Switch to new keys ...
DEB [20211218-12:14:46.765] thr=2   paramiko.transport: Adding ssh-ed25519 host key for 192.168.1.64: b'0fa8ee66c7bb7bcf0eecf5d66b0b0165'
DEB [20211218-12:14:46.811] thr=1   paramiko.transport: userauth is OK
INF [20211218-12:14:48.891] thr=1   paramiko.transport: Authentication (password) failed.
DEB [20211218-12:15:17.324] thr=1   paramiko.transport: starting thread (client mode): 0x382239d0
DEB [20211218-12:15:17.324] thr=1   paramiko.transport: Local version/idstring: SSH-2.0-paramiko_2.7.2
DEB [20211218-12:15:17.397] thr=1   paramiko.transport: Remote version/idstring: SSH-2.0-OpenSSH_7.4p1 Raspbian-10+deb9u7
INF [20211218-12:15:17.397] thr=1   paramiko.transport: Connected (version 2.0, client OpenSSH_7.4p1)
DEB [20211218-12:15:17.403] thr=1   paramiko.transport: kex algos:['curve25519-sha256', 'curve25519-sha256@libssh.org', 'ecdh-sha2-nistp256', 'ecdh-sha2-nistp384', 'ecdh-sha2-nistp521', 'diffie-hellman-group-exchange-sha256', 'diffie-hellman-group16-sha512', 'diffie-hellman-group18-sha512', 'diffie-hellman-group14-sha256', 'diffie-hellman-group14-sha1'] server key:['ssh-rsa', 'rsa-sha2-512', 'rsa-sha2-256', 'ecdsa-sha2-nistp256', 'ssh-ed25519'] client encrypt:['chacha20-poly1305@openssh.com', 'aes128-ctr', 'aes192-ctr', 'aes256-ctr', 'aes128-gcm@openssh.com', 'aes256-gcm@openssh.com'] server encrypt:['chacha20-poly1305@openssh.com', 'aes128-ctr', 'aes192-ctr', 'aes256-ctr', 'aes128-gcm@openssh.com', 'aes256-gcm@openssh.com'] client mac:['umac-64-etm@openssh.com', 'umac-128-etm@openssh.com', 'hmac-sha2-256-etm@openssh.com', 'hmac-sha2-512-etm@openssh.com', 'hmac-sha1-etm@openssh.com', 'umac-64@openssh.com', 'umac-128@openssh.com', 'hmac-sha2-256', 'hmac-sha2-512', 'hmac-sha1'] server mac:['umac-64-etm@openssh.com', 'umac-128-etm@openssh.com', 'hmac-sha2-256-etm@openssh.com', 'hmac-sha2-512-etm@openssh.com', 'hmac-sha1-etm@openssh.com', 'umac-64@openssh.com', 'umac-128@openssh.com', 'hmac-sha2-256', 'hmac-sha2-512', 'hmac-sha1'] client compress:['none', 'zlib@openssh.com'] server compress:['none', 'zlib@openssh.com'] client lang:[''] server lang:[''] kex follows?False
DEB [20211218-12:15:17.403] thr=1   paramiko.transport: Kex agreed: curve25519-sha256@libssh.org
DEB [20211218-12:15:17.403] thr=1   paramiko.transport: HostKey agreed: ssh-ed25519
DEB [20211218-12:15:17.403] thr=1   paramiko.transport: Cipher agreed: aes128-ctr
DEB [20211218-12:15:17.403] thr=1   paramiko.transport: MAC agreed: hmac-sha2-256
DEB [20211218-12:15:17.403] thr=1   paramiko.transport: Compression agreed: none
DEB [20211218-12:15:17.449] thr=1   paramiko.transport: kex engine KexCurve25519 specified hash_algo <built-in function openssl_sha256>
DEB [20211218-12:15:17.451] thr=1   paramiko.transport: Switch to new keys ...
DEB [20211218-12:15:17.451] thr=2   paramiko.transport: Adding ssh-ed25519 host key for 192.168.1.64: b'0fa8ee66c7bb7bcf0eecf5d66b0b0165'
DEB [20211218-12:15:17.501] thr=1   paramiko.transport: userauth is OK
INF [20211218-12:15:17.598] thr=1   paramiko.transport: Authentication (password) successful!
DEB [20211218-12:15:17.599] thr=2   paramiko.transport: [chan 0] Max packet in: 32768 bytes
DEB [20211218-12:15:17.674] thr=1   paramiko.transport: Received global request "hostkeys-00@openssh.com"
DEB [20211218-12:15:17.674] thr=1   paramiko.transport: Rejecting "hostkeys-00@openssh.com" global request from server.
DEB [20211218-12:15:17.677] thr=1   paramiko.transport: [chan 0] Max packet out: 32768 bytes
DEB [20211218-12:15:17.678] thr=1   paramiko.transport: Secsh channel 0 opened.
DEB [20211218-12:15:17.683] thr=1   paramiko.transport: [chan 0] Sesch channel 0 request ok
DEB [20211218-12:15:17.690] thr=1   paramiko.transport: [chan 0] EOF received (0)
DEB [20211218-12:15:17.691] thr=1   paramiko.transport: [chan 0] EOF sent (0)
DEB [20211218-12:15:17.691] thr=1   paramiko.transport: Dropping user packet because connection is dead.
DEB [20211218-12:15:17.692] thr=1   paramiko.transport: Dropping user packet because connection is dead.
